mode: atomic
github.com/gadavy/tracing/client.go:25.46,40.16 3 0
github.com/gadavy/tracing/client.go:44.2,44.53 1 0
github.com/gadavy/tracing/client.go:40.16,42.3 1 0
github.com/gadavy/tracing/client.go:47.50,49.2 1 0
github.com/gadavy/tracing/client.go:51.32,53.2 1 0
github.com/gadavy/tracing/client.go:55.40,57.2 1 0
github.com/gadavy/tracing/client.go:65.56,69.2 2 0
github.com/gadavy/tracing/client.go:71.72,72.20 1 0
github.com/gadavy/tracing/client.go:76.2,77.16 2 0
github.com/gadavy/tracing/client.go:81.2,81.10 1 0
github.com/gadavy/tracing/client.go:72.20,74.3 1 0
github.com/gadavy/tracing/client.go:77.16,79.3 1 0
github.com/gadavy/tracing/client.go:84.64,85.20 1 0
github.com/gadavy/tracing/client.go:89.2,90.16 2 0
github.com/gadavy/tracing/client.go:94.2,94.10 1 0
github.com/gadavy/tracing/client.go:85.20,87.3 1 0
github.com/gadavy/tracing/client.go:90.16,92.3 1 0
github.com/gadavy/tracing/client.go:97.70,98.20 1 0
github.com/gadavy/tracing/client.go:102.2,103.16 2 0
github.com/gadavy/tracing/client.go:107.2,107.10 1 0
github.com/gadavy/tracing/client.go:98.20,100.3 1 0
github.com/gadavy/tracing/client.go:103.16,105.3 1 0
github.com/gadavy/tracing/client.go:110.35,112.2 1 0
github.com/gadavy/tracing/span.go:21.52,22.60 1 6
github.com/gadavy/tracing/span.go:29.2,29.15 1 6
github.com/gadavy/tracing/span.go:22.60,27.3 2 5
github.com/gadavy/tracing/span.go:32.54,33.60 1 2
github.com/gadavy/tracing/span.go:40.2,40.15 1 2
github.com/gadavy/tracing/span.go:33.60,38.3 2 1
github.com/gadavy/tracing/span.go:43.57,44.19 1 3
github.com/gadavy/tracing/span.go:48.2,48.10 1 3
github.com/gadavy/tracing/span.go:44.19,46.3 1 3
github.com/gadavy/tracing/span.go:51.24,52.19 1 1
github.com/gadavy/tracing/span.go:52.19,54.3 1 1
github.com/gadavy/tracing/span.go:57.60,59.2 1 0
github.com/gadavy/tracing/span.go:61.55,62.59 1 0
github.com/gadavy/tracing/span.go:71.2,71.12 1 0
github.com/gadavy/tracing/span.go:62.59,66.17 3 0
github.com/gadavy/tracing/span.go:66.17,68.4 1 0
github.com/gadavy/tracing/span.go:74.47,75.59 1 0
github.com/gadavy/tracing/span.go:84.2,84.12 1 0
github.com/gadavy/tracing/span.go:75.59,79.17 3 0
github.com/gadavy/tracing/span.go:79.17,81.4 1 0
github.com/gadavy/tracing/span.go:87.53,88.59 1 0
github.com/gadavy/tracing/span.go:97.2,97.12 1 0
github.com/gadavy/tracing/span.go:88.59,92.17 3 0
github.com/gadavy/tracing/span.go:92.17,94.4 1 0
github.com/gadavy/tracing/span.go:100.26,109.2 5 6
